[Sunday/May 17/05/2026 19:58:50] /home/flizze/HDD/Videos/Anime/Kaze ga Tsuyoku Fuiteiru - VOSTFR BD 1080p x265 AAC -Fuceo/Kaze ga Tsuyoku Fuiteiru - 02 VOSTFR BD 1080p x265 AAC -Fuceo.mkv | length=1365.929 | time=1356.021
[Sunday/May 17/05/2026 19:59:02] /home/flizze/HDD/Videos/Anime/Kaze ga Tsuyoku Fuiteiru - VOSTFR BD 1080p x265 AAC -Fuceo/Kaze ga Tsuyoku Fuiteiru - 03 VOSTFR BD 1080p x265 AAC -Fuceo.mkv | length=1366.164 | time=1352.184
[Sunday/May 17/05/2026 19:59:27] /home/flizze/HDD/Videos/Anime/Kaze ga Tsuyoku Fuiteiru - VOSTFR BD 1080p x265 AAC -Fuceo/Kaze ga Tsuyoku Fuiteiru - 04 VOSTFR BD 1080p x265 AAC -Fuceo.mkv | length=1367.038 | time=1366.991
[Sunday/May 17/05/2026 19:59:29] /home/flizze/HDD/Videos/Anime/Kaze ga Tsuyoku Fuiteiru - VOSTFR BD 1080p x265 AAC -Fuceo/Kaze ga Tsuyoku Fuiteiru - 05 VOSTFR BD 1080p x265 AAC -Fuceo.mkv | length=1365.95 | time=2.211
[Sunday/May 17/05/2026 20:00:05] /home/flizze/HDD/Videos/Anime/Kaze ga Tsuyoku Fuiteiru - VOSTFR BD 1080p x265 AAC -Fuceo/Kaze ga Tsuyoku Fuiteiru - 05 VOSTFR BD 1080p x265 AAC -Fuceo.mkv | length=1365.95 | time=127.461
[Sunday/May 17/05/2026 20:01:06] /home/flizze/HDD/Videos/Anime/Kaze ga Tsuyoku Fuiteiru - VOSTFR BD 1080p x265 AAC -Fuceo/Kaze ga Tsuyoku Fuiteiru - 01 VOSTFR BD 1080p x265 AAC -Fuceo.mkv | length=1367.038 | time=28.278
[Sunday/May 17/05/2026 20:01:46] /home/flizze/HDD/Videos/Anime/Kaze ga Tsuyoku Fuiteiru - VOSTFR BD 1080p x265 AAC -Fuceo/Kaze ga Tsuyoku Fuiteiru - 01 VOSTFR BD 1080p x265 AAC -Fuceo.mkv | length=1367.038 | time=993.743
[Sunday/May 17/05/2026 20:03:27] /home/flizze/HDD/Videos/Anime/Kaze ga Tsuyoku Fuiteiru - VOSTFR BD 1080p x265 AAC -Fuceo/Kaze ga Tsuyoku Fuiteiru - 01 VOSTFR BD 1080p x265 AAC -Fuceo.mkv | length=1367.038 | time=767.225
[Wednesday/May 27/05/2026 10:23:43] /home/flizze/HDD/Videos/Animes/Kaze ga Tsuyoku Fuiteiru - VOSTFR BD 1080p x265 AAC -Fuceo/Kaze ga Tsuyoku Fuiteiru - 01 VOSTFR BD 1080p x265 AAC -Fuceo.mkv | length=1367.038 | time=3.337
[Wednesday/May 27/05/2026 10:24:24] /home/flizze/HDD/Videos/Animes/Re ZERO, Starting Life in Another World S04E07 VOSTFR 1080p WEB x264 AAC -Tsundere-Raws (CR).mkv | length=1419.962 | time=28.695
[Wednesday/May 27/05/2026 11:48:00] /home/flizze/HDD/Videos/Animes/re-zero/Re ZERO, Starting Life in Another World S04E06 VOSTFR 1080p WEB x264 AAC -Tsundere-Raws (CR).mkv | length=1420.087 | time=813.939
[Wednesday/May 27/05/2026 11:48:05] /home/flizze/HDD/Videos/Animes/re-zero/Re ZERO, Starting Life in Another World S04E06 VOSTFR 1080p WEB x264 AAC -Tsundere-Raws (CR).mkv | length=1420.087 | time=814.731
[Wednesday/May 27/05/2026 12:05:00] /home/flizze/HDD/Videos/Animes/Kaze ga Tsuyoku Fuiteiru - VOSTFR BD 1080p x265 AAC -Fuceo/Kaze ga Tsuyoku Fuiteiru - 01 VOSTFR BD 1080p x265 AAC -Fuceo.mkv | length=1367.038 | time=2.711
[Wednesday/May 27/05/2026 12:05:00] /home/flizze/HDD/Videos/Animes/Kaze ga Tsuyoku Fuiteiru - VOSTFR BD 1080p x265 AAC -Fuceo/Kaze ga Tsuyoku Fuiteiru - 02 VOSTFR BD 1080p x265 AAC -Fuceo.mkv | length=1365.929 | time=0
[Wednesday/May 27/05/2026 12:05:00] /home/flizze/HDD/Videos/Animes/Kaze ga Tsuyoku Fuiteiru - VOSTFR BD 1080p x265 AAC -Fuceo/Kaze ga Tsuyoku Fuiteiru - 03 VOSTFR BD 1080p x265 AAC -Fuceo.mkv | length=1366.164 | time=0
[Wednesday/May 27/05/2026 12:05:00] /home/flizze/HDD/Videos/Animes/Kaze ga Tsuyoku Fuiteiru - VOSTFR BD 1080p x265 AAC -Fuceo/Kaze ga Tsuyoku Fuiteiru - 04 VOSTFR BD 1080p x265 AAC -Fuceo.mkv | length=1367.038 | time=0
[Wednesday/May 27/05/2026 12:05:01] /home/flizze/HDD/Videos/Animes/Kaze ga Tsuyoku Fuiteiru - VOSTFR BD 1080p x265 AAC -Fuceo/Kaze ga Tsuyoku Fuiteiru - 05 VOSTFR BD 1080p x265 AAC -Fuceo.mkv | length=1365.95 | time=0
[Wednesday/May 27/05/2026 12:05:01] /home/flizze/HDD/Videos/Animes/Kaze ga Tsuyoku Fuiteiru - VOSTFR BD 1080p x265 AAC -Fuceo/Kaze ga Tsuyoku Fuiteiru - 06 VOSTFR BD 1080p x265 AAC -Fuceo.mkv | length=1365.95 | time=0
[Wednesday/May 27/05/2026 12:05:01] /home/flizze/HDD/Videos/Animes/Kaze ga Tsuyoku Fuiteiru - VOSTFR BD 1080p x265 AAC -Fuceo/Kaze ga Tsuyoku Fuiteiru - 07 VOSTFR BD 1080p x265 AAC -Fuceo.mkv | length=1367.038 | time=0
[Wednesday/May 27/05/2026 12:05:01] /home/flizze/HDD/Videos/Animes/Kaze ga Tsuyoku Fuiteiru - VOSTFR BD 1080p x265 AAC -Fuceo/Kaze ga Tsuyoku Fuiteiru - 08 VOSTFR BD 1080p x265 AAC -Fuceo.mkv | length=1366.036 | time=0
[Wednesday/May 27/05/2026 12:05:01] /home/flizze/HDD/Videos/Animes/Kaze ga Tsuyoku Fuiteiru - VOSTFR BD 1080p x265 AAC -Fuceo/Kaze ga Tsuyoku Fuiteiru - 09 VOSTFR BD 1080p x265 AAC -Fuceo.mkv | length=1366.036 | time=0
[Wednesday/May 27/05/2026 12:05:01] /home/flizze/HDD/Videos/Animes/Kaze ga Tsuyoku Fuiteiru - VOSTFR BD 1080p x265 AAC -Fuceo/Kaze ga Tsuyoku Fuiteiru - 10 VOSTFR BD 1080p x265 AAC -Fuceo.mkv | length=1367.038 | time=0
[Wednesday/May 27/05/2026 12:05:01] /home/flizze/HDD/Videos/Animes/Kaze ga Tsuyoku Fuiteiru - VOSTFR BD 1080p x265 AAC -Fuceo/Kaze ga Tsuyoku Fuiteiru - 11 VOSTFR BD 1080p x265 AAC -Fuceo.mkv | length=1366.206 | time=0
[Wednesday/May 27/05/2026 12:05:02] /home/flizze/HDD/Videos/Animes/Kaze ga Tsuyoku Fuiteiru - VOSTFR BD 1080p x265 AAC -Fuceo/Kaze ga Tsuyoku Fuiteiru - 12 VOSTFR BD 1080p x265 AAC -Fuceo.mkv | length=1366.078 | time=0
[Wednesday/May 27/05/2026 12:05:02] /home/flizze/HDD/Videos/Animes/Kaze ga Tsuyoku Fuiteiru - VOSTFR BD 1080p x265 AAC -Fuceo/Kaze ga Tsuyoku Fuiteiru - 13 VOSTFR BD 1080p x265 AAC -Fuceo.mkv | length=1367.081 | time=0
[Wednesday/May 27/05/2026 12:05:02] /home/flizze/HDD/Videos/Animes/Kaze ga Tsuyoku Fuiteiru - VOSTFR BD 1080p x265 AAC -Fuceo/Kaze ga Tsuyoku Fuiteiru - 14 VOSTFR BD 1080p x265 AAC -Fuceo.mkv | length=1365.993 | time=0
[Wednesday/May 27/05/2026 12:05:12] /home/flizze/HDD/Videos/Animes/Kaze ga Tsuyoku Fuiteiru - VOSTFR BD 1080p x265 AAC -Fuceo/Kaze ga Tsuyoku Fuiteiru - 15 VOSTFR BD 1080p x265 AAC -Fuceo.mkv | length=1366.078 | time=1240.03
[Wednesday/May 27/05/2026 12:05:13] /home/flizze/HDD/Videos/Animes/Kaze ga Tsuyoku Fuiteiru - VOSTFR BD 1080p x265 AAC -Fuceo/Kaze ga Tsuyoku Fuiteiru - 16 VOSTFR BD 1080p x265 AAC -Fuceo.mkv | length=1367.038 | time=0.667
[Wednesday/May 27/05/2026 12:05:17] /home/flizze/HDD/Videos/Animes/Kaze ga Tsuyoku Fuiteiru - VOSTFR BD 1080p x265 AAC -Fuceo/Kaze ga Tsuyoku Fuiteiru - 17 VOSTFR BD 1080p x265 AAC -Fuceo.mkv | length=1365.993 | time=1103.686
[Wednesday/May 27/05/2026 12:05:27] /home/flizze/HDD/Videos/Animes/Kaze ga Tsuyoku Fuiteiru - VOSTFR BD 1080p x265 AAC -Fuceo/Kaze ga Tsuyoku Fuiteiru - 18 VOSTFR BD 1080p x265 AAC -Fuceo.mkv | length=1367.038 | time=1246.454
[Wednesday/May 27/05/2026 12:15:57] /home/flizze/HDD/Videos/Animes/Kaze ga Tsuyoku Fuiteiru - VOSTFR BD 1080p x265 AAC -Fuceo/Kaze ga Tsuyoku Fuiteiru - 19 VOSTFR BD 1080p x265 AAC -Fuceo.mkv | length=1365.95 | time=2.544
[Wednesday/May 27/05/2026 12:15:59] /home/flizze/HDD/Videos/Animes/Kaze ga Tsuyoku Fuiteiru - VOSTFR BD 1080p x265 AAC -Fuceo/Kaze ga Tsuyoku Fuiteiru - 18 VOSTFR BD 1080p x265 AAC -Fuceo.mkv | length=1367.038 | time=366.324
[Wednesday/May 27/05/2026 12:38:46] /home/flizze/HDD/Videos/Animes/Kaze ga Tsuyoku Fuiteiru - VOSTFR BD 1080p x265 AAC -Fuceo/Kaze ga Tsuyoku Fuiteiru - 19 VOSTFR BD 1080p x265 AAC -Fuceo.mkv | length=1365.95 | time=1352.935
[Wednesday/May 27/05/2026 12:58:58] /home/flizze/HDD/Videos/Animes/Kaze ga Tsuyoku Fuiteiru - VOSTFR BD 1080p x265 AAC -Fuceo/Kaze ga Tsuyoku Fuiteiru - 20 VOSTFR BD 1080p x265 AAC -Fuceo.mkv | length=1367.038 | time=1353.936
[Wednesday/May 27/05/2026 13:18:55] /home/flizze/HDD/Videos/Animes/Kaze ga Tsuyoku Fuiteiru - VOSTFR BD 1080p x265 AAC -Fuceo/Kaze ga Tsuyoku Fuiteiru - 21 VOSTFR BD 1080p x265 AAC -Fuceo.mkv | length=1366.036 | time=1353.018
[Wednesday/May 27/05/2026 13:43:20] /home/flizze/HDD/Videos/Animes/Kaze ga Tsuyoku Fuiteiru - VOSTFR BD 1080p x265 AAC -Fuceo/Kaze ga Tsuyoku Fuiteiru - 22 VOSTFR BD 1080p x265 AAC -Fuceo.mkv | length=1367.038 | time=1353.936
[Wednesday/May 27/05/2026 14:04:58] /home/flizze/HDD/Videos/Animes/Kaze ga Tsuyoku Fuiteiru - VOSTFR BD 1080p x265 AAC -Fuceo/Kaze ga Tsuyoku Fuiteiru - 23 VOSTFR BD 1080p x265 AAC -Fuceo.mkv | length=1366.121 | time=1366.073
[Wednesday/May 27/05/2026 20:10:16] /home/flizze/HDD/Videos/Animes/re-zero/Re ZERO, Starting Life in Another World S04E06 VOSTFR 1080p WEB x264 AAC -Tsundere-Raws (CR).mkv | length=1420.087 | time=817.985
[Wednesday/May 27/05/2026 20:11:42] /home/flizze/HDD/Videos/Animes/re-zero/Re ZERO, Starting Life in Another World S04E08 VOSTFR 1080p WEB x264 AAC -Tsundere-Raws (CR).mkv | length=1442 | time=16.058
[Wednesday/May 27/05/2026 20:12:02] /home/flizze/HDD/Videos/Animes/re-zero/Re ZERO, Starting Life in Another World S04E07 VOSTFR 1080p WEB x264 AAC -Tsundere-Raws (CR).mkv | length=1419.962 | time=1332.875
[Wednesday/May 27/05/2026 20:12:20] /home/flizze/HDD/Videos/Animes/re-zero/Re ZERO, Starting Life in Another World S04E08 VOSTFR 1080p WEB x264 AAC -Tsundere-Raws (CR).mkv | length=1442 | time=24.483
[Wednesday/May 27/05/2026 20:12:30] /home/flizze/HDD/Videos/Animes/re-zero/Re ZERO, Starting Life in Another World S04E07 VOSTFR 1080p WEB x264 AAC -Tsundere-Raws (CR).mkv | length=1419.962 | time=1289.081
[Wednesday/May 27/05/2026 20:37:23] /home/flizze/HDD/Videos/Animes/re-zero/Re ZERO, Starting Life in Another World S04E08 VOSTFR 1080p WEB x264 AAC -Tsundere-Raws (CR).mkv | length=1442 | time=1440.023
[Wednesday/May 27/05/2026 20:37:26] /home/flizze/HDD/Videos/Animes/re-zero/Re ZERO, Starting Life in Another World S04E07 VOSTFR 1080p WEB x264 AAC -Tsundere-Raws (CR).mkv | length=1419.962 | time=2.669
[Thursday/May 28/05/2026 21:11:49] /home/flizze/HDD/Videos/Animes/Made in Abyss - S01 - VOSTFR [BD 1080p AAC] (Darki)/Made in Abyss - S01E01 - VOSTFR [BD 1080p AAC] (Darki).mkv | length=1421.973 | time=8.425
[Thursday/May 28/05/2026 21:33:01] /home/flizze/HDD/Videos/Animes/Made in Abyss - S01 - VOSTFR [BD 1080p AAC] (Darki)/Made in Abyss - S01E01 - VOSTFR [BD 1080p AAC] (Darki).mkv | length=1421.973 | time=140.265
[Friday/May 29/05/2026 16:53:07] /home/flizze/HDD/Videos/Animes/re-zero/output.mp4 | length=1420.0853333333 | time=1386.7186666667
[Saturday/May 30/05/2026 14:55:58] /home/flizze/Downloads/Genshin Impact Nilou Punished Hilichurl For Stealing.mp4 | length=640.05804988662 | time=143.12632222222
[Saturday/May 30/05/2026 15:34:02] /home/flizze/HDD/.no/redwolf/Desert Goddess Entrances Traveler in Erotic Ritual.mp4 | length=1179.0619954649 | time=909.28333333333
[Saturday/May 30/05/2026 15:40:12] /home/flizze/HDD/.no/redwolf/Genshin Impact Nilou Punished Hilichurl For Stealing.mp4 | length=640.05804988662 | time=636.95298888889
[Saturday/May 30/05/2026 15:44:13] /home/flizze/HDD/.no/redwolf/Desert Goddess Entrances Traveler in Erotic Ritual.mp4 | length=1179.0619954649 | time=969.7
[Saturday/May 30/05/2026 21:52:11] /home/flizze/HDD/.no/redwolf/Genshin Impact Nilou Punished Hilichurl For Stealing.mp4 | length=640.05804988662 | time=623.35606666667
[Wednesday/June 03/06/2026 19:56:03] /home/flizze/HDD/.no/redwolf/Genshin Impact Nilou Punished Hilichurl For Stealing.mp4 | length=640.05804988662 | time=561.1606
[Wednesday/June 03/06/2026 20:00:02] /home/flizze/HDD/Videos/Animes/re-zero/Re ZERO, Starting Life in Another World S04E09 VOSTFR 1080p WEB x264 AAC -Tsundere-Raws (CR).mkv | length=1419.962 | time=1.376
[Wednesday/June 03/06/2026 20:10:28] /home/flizze/Documents/perso/dotfiles/ping.webp | length=0 | time=0
[Wednesday/June 03/06/2026 20:10:37] archive:///home/flizze/go/pkg/mod/cache/download/github.com/!puerkito!bio/goquery/@v/v1.12.0.zip|/github.com/PuerkitoBio/goquery@v1.12.0/bench/v0.1.1-v0.2.1-go1.1rc1.svg | length=0 | time=0
[Wednesday/June 03/06/2026 20:10:37] /home/flizze/HDD/Videos/Animes/re-zero/Re ZERO, Starting Life in Another World S04E09 VOSTFR 1080p WEB x264 AAC -Tsundere-Raws (CR).mkv | length=1419.962 | time=0
